C51 COMPILER V9.56.0.0   DS1302                                                            03/31/2018 21:36:23 PAGE 1   


C51 COMPILER V9.56.0.0, COMPILATION OF MODULE DS1302
OBJECT MODULE PLACED IN .\Objects\ds1302.obj
COMPILER INVOKED BY: D:\Keil_v5\C51\BIN\C51.EXE ds1302.c OPTIMIZE(8,SPEED) BROWSE DEBUG OBJECTEXTEND PRINT(.\Listings\ds
                    -1302.lst) TABS(2) OBJECT(.\Objects\ds1302.obj)

line level    source

   1          /*
   2            程序说明: DS1302驱动程序
   3            软件环境: Keil uVision 4.10 
   4            硬件环境: CT107单片机综合实训平台 8051，12MHz
   5            日    期: 2011-8-9
   6          */
   7          
   8          #include "stc15f2k60s2.h"
   9          
  10          #include <intrins.h>
  11          
  12          sbit SCK=P1^7;    
  13          sbit SDA=P2^3;    
  14          sbit RST = P1^3;   // DS1302复位                        
  15          
  16          void Write_Ds1302_Byte(unsigned  char temp) 
  17          {
  18   1        unsigned char i;
  19   1        for (i=0;i<8;i++)       
  20   1        { 
  21   2          SCK=0;
  22   2          SDA=temp&0x01;
  23   2          temp>>=1; 
  24   2          SCK=1;
  25   2        }
  26   1      }   
  27          
  28          void Write_Ds1302( unsigned char address,unsigned char dat )     
  29          {
  30   1        RST=0;
  31   1        _nop_();
  32   1        SCK=0;
  33   1        _nop_();
  34   1        RST=1;  
  35   1          _nop_();  
  36   1        Write_Ds1302_Byte(address); 
  37   1        Write_Ds1302_Byte(dat);   
  38   1        RST=0; 
  39   1      }
  40          
  41          unsigned char Read_Ds1302 ( unsigned char address )
  42          {
  43   1        unsigned char i,temp=0x00;
  44   1        RST=0;
  45   1        _nop_();
  46   1        SCK=0;
  47   1        _nop_();
  48   1        RST=1;
  49   1        _nop_();
  50   1        Write_Ds1302_Byte(address);
  51   1        for (i=0;i<8;i++)   
  52   1        {   
  53   2          SCK=0;
  54   2          temp>>=1; 
C51 COMPILER V9.56.0.0   DS1302                                                            03/31/2018 21:36:23 PAGE 2   

  55   2          if(SDA)
  56   2          temp|=0x80; 
  57   2          SCK=1;
  58   2        } 
  59   1        RST=0;
  60   1        _nop_();
  61   1        RST=0;
  62   1        SCK=0;
  63   1        _nop_();
  64   1        SCK=1;
  65   1        _nop_();
  66   1        SDA=0;
  67   1        _nop_();
  68   1        SDA=1;
  69   1        _nop_();
  70   1        return (temp);      
  71   1      }
  72          
  73          void set_sfm(unsigned char shi,unsigned char fen,unsigned char miao)
  74          {
  75   1        Write_Ds1302(0x8e,0);
  76   1        Write_Ds1302(0x80,(miao/10)*16+miao%10);
  77   1        Write_Ds1302(0x82,(fen/10)*16+fen%10);
  78   1        Write_Ds1302(0x84,(shi/10)*16+shi%10);
  79   1        Write_Ds1302(0x8e,0x80);
  80   1      }


MODULE INFORMATION:   STATIC OVERLAYABLE
   CODE SIZE        =    177    ----
   CONSTANT SIZE    =   ----    ----
   XDATA SIZE       =   ----    ----
   PDATA SIZE       =   ----    ----
   DATA SIZE        =   ----    ----
   IDATA SIZE       =   ----    ----
   BIT SIZE         =   ----    ----
END OF MODULE INFORMATION.


C51 COMPILATION COMPLETE.  0 WARNING(S),  0 ERROR(S)
