C51 COMPILER V9.53.0.0   MAIN                                                              02/03/2018 21:49:32 PAGE 1   


C51 COMPILER V9.53.0.0, COMPILATION OF MODULE MAIN
OBJECT MODULE PLACED IN main.OBJ
COMPILER INVOKED BY: D:\Keil_v5\C51\BIN\C51.EXE main.c OPTIMIZE(8,SPEED) BROWSE DEBUG OBJECTEXTEND TABS(2)

line level    source

   1          #include "stc89c5Xrc.h"
   2          #define u16 unsigned int
   3          typedef unsigned char u8;
   4          
   5          u8 date[8]={0x5b,0x3f,0x06,0x7f,0x40,0x5b,0x40,0x4f };//2018-2-3
   6          u8 smg_com[8]={0x01,0x02,0x04,0x08,0x10,0x20,0x40,0x80};//comλѡ
   7          sbit buzzer=P0^6;
   8          
   9          void delay(u16 i)
  10          {
  11   1        while(i--);
  12   1      }
  13          
  14          main()
  15          {
  16   1        u8 i;
  17   1        P2=((P2&0X1F)|0Xa0);
  18   1        buzzer=0;
  19   1        P2&=0x1f;
  20   1      
  21   1        while(1)
  22   1        {
  23   2          for(i=0;i<8;i++)
  24   2          {
  25   3          P2=((P2&0X1F)|0Xc0);
  26   3          P0=smg_com[i];
  27   3          P2=((P2&0X1F)|0Xe0);
  28   3          P0=~date[i];
  29   3          delay(100);
  30   3          P0=0x00;
  31   3          }
  32   2        }
  33   1      }


MODULE INFORMATION:   STATIC OVERLAYABLE
   CODE SIZE        =     73    ----
   CONSTANT SIZE    =   ----    ----
   XDATA SIZE       =   ----    ----
   PDATA SIZE       =   ----    ----
   DATA SIZE        =     16    ----
   IDATA SIZE       =   ----    ----
   BIT SIZE         =   ----    ----
END OF MODULE INFORMATION.


C51 COMPILATION COMPLETE.  0 WARNING(S),  0 ERROR(S)
