C51 COMPILER V9.56.0.0   MAIN                                                              03/14/2018 18:48:09 PAGE 1   


C51 COMPILER V9.56.0.0, COMPILATION OF MODULE MAIN
OBJECT MODULE PLACED IN .\Objects\main.obj
COMPILER INVOKED BY: D:\Keil_v5\C51\BIN\C51.EXE main.c OPTIMIZE(8,SPEED) BROWSE DEBUG OBJECTEXTEND PRINT(.\Listings\main
                    -.lst) TABS(2) OBJECT(.\Objects\main.obj)

line level    source

   1          #include "stc15f2k60s2.h"
   2          #include "ds1302.h"
   3          #include "onewire.h"
   4          
   5          #define keyport P3
   6          #define setkeyboard(x) P4=((x>>7)<<4)|(((x>>6)&0x01)<<2);P3=x
   7          #define getkeyboard() ((P4&0x10)<<3)|((P4&0x40)<<4)|(P3&0x3f)
   8          
   9          sbit buzzer=P0^6;
  10          sbit L1=P0^7;
  11          
  12          unsigned char smg_count,key_count,shi,fen,miao,jm_mode,temp_num,display_count,real_time_interval;
  13          unsigned int capture_count,prompt_count,L1_count;
  14          
  15          unsigned char smg_com[8]={0x01,0x02,0x04,0x08,0x10,0x20,0x40,0x80};
  16          unsigned char smg_duan[10]={0x3F,0x06,0x5B,0x4F,0x66,0x6D,0x7D,0x07,0x7F,0x6F};       //0-9
  17          unsigned char display[8];
  18          unsigned char temp_capture[10];
  19          
  20          bit L1_flag=0,blink_flag=0,key_flag=0,capture_flag,display_flag;
  21          unsigned char time_interval[4]={1,5,30,60};
  22          unsigned char time_interval_index;
  23          
  24          void Read_time(void);
  25          
  26          ////void TIMER1_1ms() interrupt 3 using 2
  27          ////{
  28          ////  
  29          
  30          ////  if(L1_flag)
  31          ////  {
  32          ////    if(L1_count++==1000)
  33          ////    {
  34          ////      P2=0x80;P0^=0x80;P2=0x00;
  35          ////    }
  36          ////  }
  37          ////}
  38          
  39          void TIMER0_1ms() interrupt 1 using 1
  40          {
  41   1        static char i=0;key_count++;smg_count++;prompt_count++;
  42   1        if(key_count==10)
  43   1        {
  44   2          key_flag=1;
  45   2          key_count=0;
  46   2        }
  47   1      
  48   1        if(smg_count==3)
  49   1        {
  50   2          smg_count=0;
  51   2          P2=0xe0;P0=0;P2=0x00;
  52   2          P2=0xc0;P0=smg_com[i];P2=0x00;
  53   2      //    P2=0xc0;P0=~display[i];P2=0x00;
  54   2          P2=0xe0;P0=~display[i];P2=0x00;
C51 COMPILER V9.56.0.0   MAIN                                                              03/14/2018 18:48:09 PAGE 2   

  55   2          if(i++==8)i=0;
  56   2        }
  57   1      
  58   1        if(prompt_count==1000)    //1S
  59   1        {
  60   2          prompt_count=0;
  61   2          blink_flag=~blink_flag;
  62   2      
  63   2        } 
  64   1        
  65   1        if(jm_mode==1)
  66   1        {
  67   2          capture_count++;
  68   2          if(capture_count==real_time_interval*1000)
  69   2          {
  70   3            capture_count=0;
  71   3            capture_flag=1;
  72   3            
  73   3          }
  74   2        }
  75   1      }
  76          
  77          void main()
  78          {
  79   1        unsigned char trg,cont,readdata;
  80   1        AUXR |= 0x80;   //?????1T??
  81   1      //  AUXR &= 0x7f; //12T
  82   1        TMOD &= 0xf0;   //???????
  83   1        TL0 = 0xCD;   //??????
  84   1        TH0 = 0xD4;   //??????
  85   1        TF0 = 0;    //??TF0??
  86   1        TR0 = 1;    //???0????
  87   1        ET0 = 1;
  88   1        
  89   1      //  TL1 = 0xCD;   //??????
  90   1      //  TH1 = 0xD4;   //??????  
  91   1      //  TF1 = 0;
  92   1      //  TR1 = 1;
  93   1      //  ET1 = 1;
  94   1        EA=1;
  95   1        
  96   1        P2=0xa0;buzzer=0;P2=0x00;
  97   1        set_sfm(23,59,50);
  98   1        while(1)
  99   1        {
 100   2          if(jm_mode==0)
 101   2          {
 102   3            display[0]=0x00;display[1]=0x00;display[2]=0x00;display[3]=0x00;
 103   3            display[4]=0x00;display[5]=0x40;display[6]=smg_duan[time_interval[time_interval_index]/10];display[7]=s
             -mg_duan[time_interval[time_interval_index]%10];
 104   3          }
 105   2          if(jm_mode==1)
 106   2          {
 107   3            Read_time();
 108   3            display[0]=smg_duan[shi/16];display[1]=smg_duan[shi%16];
 109   3      //      display[2]=0x40;
 110   3            display[3]=smg_duan[fen/16];display[4]=smg_duan[fen%16];
 111   3      //      display[5]=0x40;
 112   3            display[6]=smg_duan[miao/16];display[7]=smg_duan[miao%16];
 113   3            if(blink_flag)
 114   3            {
 115   4              display[2]=0x40;
C51 COMPILER V9.56.0.0   MAIN                                                              03/14/2018 18:48:09 PAGE 3   

 116   4              display[5]=0x40;
 117   4            }
 118   3            else
 119   3            {
 120   4              display[2]=0;
 121   4              display[5]=0;       
 122   4            }
 123   3      
 124   3            if(capture_flag)
 125   3            {
 126   4              capture_flag=0;
 127   4              if(temp_num<11)
 128   4              {
 129   5                ET0=0;
 130   5                temp_capture[temp_num]=(unsigned char)rd_temprature_f();
 131   5                ET0=1;
 132   5                temp_num++;
 133   5              }
 134   4              else
 135   4              {
 136   5                L1_flag=1;
 137   5                jm_mode=2;
 138   5              }
 139   4            }
 140   3          }
 141   2            if(jm_mode==2)
 142   2            {
 143   3      
 144   3              if(display_count==0)
 145   3              {
 146   4                display[0]=0x40;
 147   4                display[1]=smg_duan[0];display[2]=smg_duan[0];
 148   4                display[3]=0x00;display[4]=0x00;display[5]=0x40;
 149   4                display[6]=smg_duan[0];display[7]=smg_duan[0];  
 150   4              }
 151   3              else
 152   3              {
 153   4                display[0]=0x40;
 154   4                display[1]=smg_duan[display_count/10];display[2]=smg_duan[display_count%10];
 155   4                display[3]=0x00;display[4]=0x00;display[5]=0x40;
 156   4                display[6]=smg_duan[temp_capture[display_count]/10];display[7]=smg_duan[temp_capture[display_count]%1
             -0];  
 157   4                              
 158   4              }
 159   3              if(L1_flag)
 160   3              {
 161   4                if(blink_flag)
 162   4                {
 163   5                  P2=0x80;P0=0x7f;P2=0x00;
 164   5                }
 165   4                else
 166   4                {
 167   5                  P2=0x80;P0=0xff;P2=0x00;
 168   5                }
 169   4              }
 170   3            }
 171   2      //    if(capture_flag)
 172   2      //    {
 173   2      //      capture_flag=0;
 174   2      //      temp_capture[temp_num]=rd_temprature_f();
 175   2      //      if(temp_num++==10)
 176   2      //      {
C51 COMPILER V9.56.0.0   MAIN                                                              03/14/2018 18:48:09 PAGE 4   

 177   2      //        L1_flag=1;
 178   2      //        temp_num=0;
 179   2      //      }
 180   2      //    }
 181   2          if(key_flag)
 182   2          {
 183   3            key_flag=0;
 184   3            setkeyboard(0x0f);
 185   3            readdata=getkeyboard();
 186   3            setkeyboard(0xf0);
 187   3            readdata=(readdata|getkeyboard())^0xff;
 188   3            trg=readdata&(readdata^cont);
 189   3            cont=readdata;
 190   3            if(trg==0x81)   //S4
 191   3            {
 192   4              if(jm_mode==0)
 193   4              {
 194   5                jm_mode=0;
 195   5                time_interval_index++;
 196   5                if(time_interval_index==4)time_interval_index=0;
 197   5              }
 198   4            }
 199   3            if(trg==0x82)   //S5
 200   3            {
 201   4              if(jm_mode==0)
 202   4              {
 203   5                jm_mode=1;
 204   5                real_time_interval=time_interval[time_interval_index];
 205   5              }
 206   4            }
 207   3            if(trg==0x84)   //S6
 208   3            {
 209   4              L1_flag=0;
 210   4              P2=0x80;P0=0xff;P2=0x00;
 211   4              display_count++;
 212   4              if(display_count==11)display_count=0;
 213   4            }
 214   3            if(trg==0x88)   //S7
 215   3            {
 216   4              if(jm_mode==2)
 217   4              {
 218   5                jm_mode=0;
 219   5                temp_num=0;
 220   5              }
 221   4            }
 222   3          }
 223   2        }
 224   1      }
 225          
 226          void Read_time(void)
 227          {
 228   1        miao=Ds1302_Single_Byte_Read(0x81);
 229   1        fen=Ds1302_Single_Byte_Read(0x83);
 230   1        shi=Ds1302_Single_Byte_Read(0x85);
 231   1      }


MODULE INFORMATION:   STATIC OVERLAYABLE
   CODE SIZE        =    676    ----
   CONSTANT SIZE    =   ----    ----
   XDATA SIZE       =   ----    ----
   PDATA SIZE       =   ----    ----
C51 COMPILER V9.56.0.0   MAIN                                                              03/14/2018 18:48:09 PAGE 5   

   DATA SIZE        =     57       2
   IDATA SIZE       =   ----    ----
   BIT SIZE         =      5    ----
END OF MODULE INFORMATION.


C51 COMPILATION COMPLETE.  0 WARNING(S),  0 ERROR(S)
